2019-10-10 15:21:31,699     INFO [                  work.py       start_clicked   482] 点击了启动item，开始启动 ～～
2019-10-10 15:21:31,700     INFO [                  work.py          handlePlot   552] handlePlot
2019-10-10 15:21:31,807     INFO [                  work.py          handlePlot   564] 绘图更新成功！
2019-10-10 15:21:34,908     INFO [                  work.py          handlePlot   564] 绘图更新成功！
2019-10-10 15:21:37,991     INFO [                  work.py          handlePlot   564] 绘图更新成功！
2019-10-10 15:21:41,071     INFO [                  work.py          handlePlot   564] 绘图更新成功！
2019-10-10 15:21:44,176     INFO [                  work.py          handlePlot   564] 绘图更新成功！
2019-10-10 15:21:47,277     INFO [                  work.py          handlePlot   564] 绘图更新成功！
2019-10-10 15:21:50,394     INFO [                  work.py          handlePlot   564] 绘图更新成功！
2019-10-10 15:21:53,472     INFO [                  work.py          handlePlot   564] 绘图更新成功！
2019-10-10 15:21:56,560     INFO [                  work.py          handlePlot   564] 绘图更新成功！
2019-10-10 15:21:59,641     INFO [                  work.py          handlePlot   564] 绘图更新成功！
2019-10-10 15:22:02,729     INFO [                  work.py          handlePlot   564] 绘图更新成功！
2019-10-10 15:22:02,750     INFO [                  work.pymodify_agent_instance   400] self.sender().text():  1
2019-10-10 15:22:03,357     INFO [                  work.pymodify_agent_concurrency   394] self.sender().text():  1
2019-10-10 15:22:03,964     INFO [                  work.py   modify_agent_port   384] self.sender().text():  1
2019-10-10 15:22:04,469     INFO [                  work.py     modify_agent_ip   378] self.sender().text():  1
2019-10-10 15:22:05,166     INFO [                  work.pymodify_agent_startid   406] self.sender().text():  1
2019-10-10 15:22:05,701     INFO [                  work.py  modify_agent_endid   412] self.sender().text():  1
2019-10-10 15:22:05,837     INFO [                  work.py          handlePlot   564] 绘图更新成功！
2019-10-10 15:22:06,244     INFO [                  work.py  modify_agent_delay   418] self.sender().text():  1
2019-10-10 15:22:08,913     INFO [                  work.py          handlePlot   564] 绘图更新成功！
2019-10-10 15:22:12,037     INFO [                  work.py          handlePlot   564] 绘图更新成功！
2019-10-10 15:22:15,166     INFO [                  work.py          handlePlot   564] 绘图更新成功！
2019-10-10 15:22:18,230     INFO [                  work.py          handlePlot   564] 绘图更新成功！
2019-10-10 15:22:20,623     INFO [                  work.py          closeEvent   146] 改变已经保存
2019-10-10 15:22:21,317     INFO [                  work.py          handlePlot   564] 绘图更新成功！
2019-10-10 15:48:13,118     INFO [                  work.py       start_clicked   481] 点击了启动item，开始启动 ～～
2019-10-10 15:48:13,119     INFO [                  work.py          handlePlot   551] handlePlot
2019-10-10 15:48:13,204     INFO [                  work.py          handlePlot   563] 绘图更新成功！
2019-10-10 15:48:16,287     INFO [                  work.py          handlePlot   563] 绘图更新成功！
2019-10-10 15:48:19,366     INFO [                  work.py          handlePlot   563] 绘图更新成功！
2019-10-10 15:48:22,474     INFO [                  work.py          handlePlot   563] 绘图更新成功！
2019-10-10 15:48:25,588     INFO [                  work.py          handlePlot   563] 绘图更新成功！
2019-10-10 15:48:28,693     INFO [                  work.py          handlePlot   563] 绘图更新成功！
2019-10-10 15:48:31,801     INFO [                  work.py          handlePlot   563] 绘图更新成功！
2019-10-10 15:48:34,917     INFO [                  work.py          handlePlot   563] 绘图更新成功！
2019-10-10 15:48:38,013     INFO [                  work.py          handlePlot   563] 绘图更新成功！
2019-10-10 15:48:41,132     INFO [                  work.py          handlePlot   563] 绘图更新成功！
2019-10-10 15:48:44,221     INFO [                  work.py          handlePlot   563] 绘图更新成功！
2019-10-10 15:48:47,305     INFO [                  work.py          handlePlot   563] 绘图更新成功！
2019-10-10 15:48:50,387     INFO [                  work.py          handlePlot   563] 绘图更新成功！
2019-10-10 15:48:53,479     INFO [                  work.py          handlePlot   563] 绘图更新成功！
2019-10-10 15:48:56,588     INFO [                  work.py          handlePlot   563] 绘图更新成功！
2019-10-10 15:48:59,663     INFO [                  work.py          handlePlot   563] 绘图更新成功！
2019-10-10 15:49:02,758     INFO [                  work.py          handlePlot   563] 绘图更新成功！
2019-10-10 15:49:05,840     INFO [                  work.py          handlePlot   563] 绘图更新成功！
2019-10-10 15:49:08,936     INFO [                  work.py          handlePlot   563] 绘图更新成功！
2019-10-10 15:49:12,020     INFO [                  work.py          handlePlot   563] 绘图更新成功！
2019-10-10 15:49:15,099     INFO [                  work.py          handlePlot   563] 绘图更新成功！
2019-10-10 15:49:18,183     INFO [                  work.py          handlePlot   563] 绘图更新成功！
2019-10-10 15:49:21,278     INFO [                  work.py          handlePlot   563] 绘图更新成功！
2019-10-10 15:49:24,357     INFO [                  work.py          handlePlot   563] 绘图更新成功！
2019-10-10 15:49:27,440     INFO [                  work.py          handlePlot   563] 绘图更新成功！
2019-10-10 15:49:30,526     INFO [                  work.py          handlePlot   563] 绘图更新成功！
2019-10-10 15:49:33,614     INFO [                  work.py          handlePlot   563] 绘图更新成功！
2019-10-10 15:49:36,685     INFO [                  work.py          handlePlot   563] 绘图更新成功！
2019-10-10 15:49:39,786     INFO [                  work.py          handlePlot   563] 绘图更新成功！
2019-10-10 15:49:42,892     INFO [                  work.py          handlePlot   563] 绘图更新成功！
2019-10-10 15:49:45,990     INFO [                  work.py          handlePlot   563] 绘图更新成功！
2019-10-10 15:49:49,103     INFO [                  work.py          handlePlot   563] 绘图更新成功！
2019-10-10 15:49:52,210     INFO [                  work.py          handlePlot   563] 绘图更新成功！
2019-10-10 15:49:55,281     INFO [                  work.py          handlePlot   563] 绘图更新成功！
2019-10-10 15:49:58,361     INFO [                  work.py          handlePlot   563] 绘图更新成功！
2019-10-10 15:50:01,475     INFO [                  work.py          handlePlot   563] 绘图更新成功！
2019-10-10 15:50:04,595     INFO [                  work.py          handlePlot   563] 绘图更新成功！
2019-10-10 15:50:07,712     INFO [                  work.py          handlePlot   563] 绘图更新成功！
2019-10-10 15:50:10,832     INFO [                  work.py          handlePlot   563] 绘图更新成功！
2019-10-10 15:50:11,601     INFO [                  work.py    modify_startArgs   327] modify_startArgs!!
2019-10-10 15:50:12,241     INFO [                  work.py    modify_startArgs   327] modify_startArgs!!
2019-10-10 15:50:13,025     INFO [                  work.py    modify_startArgs   327] modify_startArgs!!
2019-10-10 15:50:13,824     INFO [                  work.py    modify_startArgs   327] modify_startArgs!!
2019-10-10 15:50:21,988     INFO [                  work.pymodify_agent_concurrency   393] self.sender().text():  
2019-10-10 15:50:29,079     INFO [                  work.py   modify_configArgs   424] modify_configArgs!!
2019-10-10 15:50:29,545     INFO [                  work.py   modify_configArgs   424] modify_configArgs!!
2019-10-10 15:51:47,402     INFO [                  work.py   modify_agent_port   383] self.sender().text():  t
2019-10-10 15:52:34,892     INFO [                  work.py          closeEvent   145] 改变已经保存
2019-10-10 16:16:56,382     INFO [                  work.py        modify_agent   373] self.sender().text():  1
2019-10-10 16:16:56,568     INFO [                  work.py        modify_agent   373] self.sender().text():  11
2019-10-10 16:16:56,769     INFO [                  work.py        modify_agent   373] self.sender().text():  111
2019-10-10 16:16:58,384     INFO [                  work.py        modify_agent   373] self.sender().text():  1
2019-10-10 16:16:58,600     INFO [                  work.py        modify_agent   373] self.sender().text():  11
2019-10-10 16:16:58,752     INFO [                  work.py        modify_agent   373] self.sender().text():  111
2019-10-10 16:17:01,016     INFO [                  work.py        modify_agent   373] self.sender().text():  1
2019-10-10 16:17:01,192     INFO [                  work.py        modify_agent   373] self.sender().text():  11
2019-10-10 16:17:01,360     INFO [                  work.py        modify_agent   373] self.sender().text():  111
2019-10-10 16:17:04,416     INFO [                  work.py        modify_agent   373] self.sender().text():  01
2019-10-10 16:17:04,592     INFO [                  work.py        modify_agent   373] self.sender().text():  011
2019-10-10 16:17:05,840     INFO [                  work.py        modify_agent   373] self.sender().text():  01
2019-10-10 16:17:06,048     INFO [                  work.py        modify_agent   373] self.sender().text():  0
2019-10-10 16:17:06,497     INFO [                  work.py        modify_agent   373] self.sender().text():  
2019-10-12 15:11:05,878     INFO [            mainwindow.py       start_clicked   146] 点击了启动item，开始启动 ～～
2019-10-12 15:11:14,658     INFO [            mainwindow.py          closeEvent   134] 改变已经保存
2019-10-12 15:15:10,947     INFO [            mainwindow.py       start_clicked   146] 点击了启动item，开始启动 ～～
2019-10-12 15:15:33,771     INFO [            mainwindow.py          closeEvent   134] 改变已经保存
2019-10-12 15:17:46,071     INFO [            mainwindow.py          closeEvent   134] 改变已经保存
2019-10-12 15:18:54,538     INFO [            mainwindow.py          closeEvent   134] 改变已经保存
2019-10-12 15:19:46,670     INFO [            mainwindow.py          closeEvent   134] 改变已经保存
2019-10-12 15:21:23,167     INFO [            mainwindow.py          closeEvent   139] 改变已经保存
2019-10-12 15:21:45,598     INFO [            mainwindow.py          closeEvent   139] 改变已经保存
2019-10-12 15:23:53,287     INFO [           agentLayout.py        modify_agent   111] self.sender().text():  1
2019-10-12 15:23:53,493     INFO [           agentLayout.py        modify_agent   111] self.sender().text():  11
2019-10-12 15:23:53,709     INFO [           agentLayout.py        modify_agent   111] self.sender().text():  111
2019-10-12 15:23:53,925     INFO [           agentLayout.py        modify_agent   111] self.sender().text():  1111
2019-10-12 15:24:02,920     INFO [            mainwindow.py          closeEvent   137] 改变已经保存
2019-10-12 15:33:26,251     INFO [            mainwindow.py          closeEvent   137] 改变已经保存
2019-10-12 15:41:16,701     INFO [            mainwindow.py          closeEvent   137] 改变已经保存
2019-10-12 16:03:03,429     INFO [            mainwindow.py          closeEvent   137] 改变已经保存
2019-10-12 17:07:23,589     INFO [              startBox.py    modify_startArgs   100] modify_startArgs!!
2019-10-12 17:07:29,111     INFO [            mainwindow.py          closeEvent   129] 正在关闭APP
2019-10-12 17:07:44,073     INFO [             configBox.py   modify_configArgs    74] modify_configArgs!!
2019-10-12 17:08:21,588     INFO [              startBox.py    modify_startArgs   100] modify_startArgs!!
2019-10-12 17:08:23,265     INFO [             configBox.py   modify_configArgs    74] modify_configArgs!!
2019-10-12 17:08:24,466     INFO [            mainwindow.py          closeEvent   129] 正在关闭APP
2019-10-12 17:08:32,375     INFO [            mainwindow.py          closeEvent   129] 正在关闭APP
2019-10-12 17:10:28,616     INFO [              startBox.py    modify_startArgs   100] modify_startArgs!!
2019-10-12 17:10:30,518     INFO [              startBox.py    modify_startArgs   100] modify_startArgs!!
2019-10-12 17:10:33,454     INFO [             configBox.py   modify_configArgs    74] modify_configArgs!!
2019-10-12 17:10:34,495     INFO [             configBox.py   modify_configArgs    74] modify_configArgs!!
2019-10-12 17:10:51,410     INFO [            mainwindow.py          closeEvent   129] 正在关闭APP
2019-10-12 17:13:29,823     INFO [              startBox.py    modify_startArgs   100] modify_startArgs!!
2019-10-12 17:13:29,824     INFO [        saveController.py      save_startArgs    27] saving startArgs!!
2019-10-12 17:13:32,487     INFO [              startBox.py    modify_startArgs   100] modify_startArgs!!
2019-10-12 17:13:32,487     INFO [        saveController.py      save_startArgs    27] saving startArgs!!
2019-10-12 17:13:34,835     INFO [            mainwindow.py          closeEvent   129] 正在关闭APP
2019-10-12 17:13:40,995     INFO [            mainwindow.py          closeEvent   129] 正在关闭APP
2019-10-12 17:15:11,393     INFO [              startBox.py    modify_startArgs   100] modify_startArgs!!
2019-10-12 17:15:11,393     INFO [        saveController.py      save_startArgs    27] saving startArgs!!
2019-10-12 17:15:11,638     INFO [              startBox.py    modify_startArgs   100] modify_startArgs!!
2019-10-12 17:15:11,639     INFO [        saveController.py      save_startArgs    27] saving startArgs!!
2019-10-12 17:15:21,192     INFO [             configBox.py   modify_configArgs    74] modify_configArgs!!
2019-10-12 17:15:21,193     INFO [        saveController.py     save_configArgs    34] save_configArgs!!
2019-10-12 17:15:21,416     INFO [             configBox.py   modify_configArgs    74] modify_configArgs!!
2019-10-12 17:15:21,417     INFO [        saveController.py     save_configArgs    34] save_configArgs!!
2019-10-12 17:15:23,856     INFO [              startBox.py    modify_startArgs   100] modify_startArgs!!
2019-10-12 17:15:23,856     INFO [        saveController.py      save_startArgs    27] saving startArgs!!
2019-10-12 17:15:24,075     INFO [              startBox.py    modify_startArgs   100] modify_startArgs!!
2019-10-12 17:15:24,077     INFO [        saveController.py      save_startArgs    27] saving startArgs!!
2019-10-12 17:15:29,153     INFO [              agentBox.py        modify_agent   111] self.sender().text():  192.168.3.5811
2019-10-12 17:15:29,154     INFO [        saveController.py      save_startArgs    27] saving startArgs!!
2019-10-12 17:15:34,180     INFO [            mainwindow.py          closeEvent   129] 正在关闭APP
2019-10-12 17:15:49,906     INFO [              agentBox.py        modify_agent   111] self.sender().text():  192.168.3.5811
2019-10-12 17:15:49,907     INFO [        saveController.py      save_startArgs    27] saving startArgs!!
2019-10-12 17:15:54,174     INFO [            mainwindow.py          closeEvent   129] 正在关闭APP
2019-10-12 17:18:10,310     INFO [        saveController.py      save_startArgs    27] saving startArgs!!
2019-10-12 17:18:19,095     INFO [              agentBox.py        modify_agent   113] self.sender().text():  192.168.3.58
2019-10-12 17:18:19,096     INFO [        saveController.py      save_startArgs    27] saving startArgs!!
2019-10-12 17:18:26,279     INFO [              agentBox.py        modify_agent   113] self.sender().text():  11
2019-10-12 17:18:29,192     INFO [        saveController.py      save_startArgs    27] saving startArgs!!
2019-10-12 17:18:33,259     INFO [            mainwindow.py          closeEvent   129] 正在关闭APP
2019-10-12 17:18:33,327     INFO [              agentBox.py        modify_agent   113] self.sender().text():  11
2019-10-12 17:18:46,614     INFO [            mainwindow.py          closeEvent   129] 正在关闭APP
2019-10-12 17:18:46,648     INFO [              agentBox.py        modify_agent   113] self.sender().text():  11
2019-10-12 17:18:57,774     INFO [            mainwindow.py          closeEvent   129] 正在关闭APP
2019-10-12 17:18:57,849     INFO [              agentBox.py        modify_agent   113] self.sender().text():  
2019-10-12 17:19:06,059     INFO [              agentBox.py        modify_agent   113] self.sender().text():  42901
2019-10-12 17:19:06,060     INFO [        saveController.py      save_startArgs    27] saving startArgs!!
2019-10-12 17:19:06,258     INFO [              agentBox.py        modify_agent   113] self.sender().text():  429011
2019-10-12 17:19:06,259     INFO [        saveController.py      save_startArgs    27] saving startArgs!!
2019-10-12 17:19:06,939     INFO [              agentBox.py        modify_agent   113] self.sender().text():  42901
2019-10-12 17:19:06,939     INFO [        saveController.py      save_startArgs    27] saving startArgs!!
2019-10-12 17:19:07,146     INFO [              agentBox.py        modify_agent   113] self.sender().text():  4290
2019-10-12 17:19:07,147     INFO [        saveController.py      save_startArgs    27] saving startArgs!!
2019-10-12 17:19:09,707     INFO [              agentBox.py        modify_agent   113] self.sender().text():  1
2019-10-12 17:19:09,898     INFO [              agentBox.py        modify_agent   113] self.sender().text():  11
2019-10-12 17:19:11,442     INFO [              agentBox.py        modify_agent   113] self.sender().text():  1
2019-10-12 17:19:11,666     INFO [              agentBox.py        modify_agent   113] self.sender().text():  
2019-10-12 17:19:15,847     INFO [            mainwindow.py          closeEvent   129] 正在关闭APP
2019-10-12 17:19:15,891     INFO [              agentBox.py        modify_agent   113] self.sender().text():  1111
2019-10-12 17:19:35,815     INFO [              agentBox.py        modify_agent   113] self.sender().text():  
2019-10-12 17:19:41,685     INFO [              agentBox.py        modify_agent   113] self.sender().text():  2
2019-10-12 17:19:42,342     INFO [              agentBox.py        modify_agent   113] self.sender().text():  2
2019-10-12 17:21:03,877     INFO [              agentBox.py        modify_agent   113] self.sender().text():  1
2019-10-12 17:24:02,090     INFO [              agentBox.py        modify_agent   113] self.sender().text():  1
2019-10-12 17:24:02,897     INFO [              agentBox.py        modify_agent   113] self.sender().text():  1
2019-10-12 17:24:03,698     INFO [              agentBox.py        modify_agent   113] self.sender().text():  1
2019-10-12 17:24:07,099     INFO [              agentBox.py        modify_agent   113] self.sender().text():  2
2019-10-12 17:24:07,883     INFO [              agentBox.py        modify_agent   113] self.sender().text():  2
2019-10-12 17:24:08,611     INFO [              agentBox.py        modify_agent   113] self.sender().text():  2
2019-10-12 17:24:09,403     INFO [              agentBox.py        modify_agent   113] self.sender().text():  2
2019-10-12 17:24:10,252     INFO [              agentBox.py        modify_agent   113] self.sender().text():  2
2019-10-12 17:24:11,004     INFO [              agentBox.py        modify_agent   113] self.sender().text():  2
2019-10-12 17:24:11,798     INFO [              agentBox.py        modify_agent   113] self.sender().text():  2
2019-10-12 17:24:11,798     INFO [        saveController.py      save_startArgs    27] saving startArgs!!
2019-10-12 17:24:14,774     INFO [              agentBox.py        modify_agent   113] self.sender().text():  3
2019-10-12 17:24:15,534     INFO [              agentBox.py        modify_agent   113] self.sender().text():  3
2019-10-12 17:24:16,349     INFO [              agentBox.py        modify_agent   113] self.sender().text():  3
2019-10-12 17:24:17,262     INFO [              agentBox.py        modify_agent   113] self.sender().text():  3
2019-10-12 17:24:18,102     INFO [              agentBox.py        modify_agent   113] self.sender().text():  3
2019-10-12 17:24:18,942     INFO [              agentBox.py        modify_agent   113] self.sender().text():  3
2019-10-12 17:24:19,823     INFO [              agentBox.py        modify_agent   113] self.sender().text():  3
2019-10-12 17:24:19,824     INFO [        saveController.py      save_startArgs    27] saving startArgs!!
2019-10-12 17:24:38,281     INFO [             configBox.py   modify_configArgs    74] modify_configArgs!!
2019-10-12 17:24:38,282     INFO [        saveController.py     save_configArgs    34] save_configArgs!!
2019-10-12 17:24:39,833     INFO [             configBox.py   modify_configArgs    74] modify_configArgs!!
2019-10-12 17:24:39,834     INFO [        saveController.py     save_configArgs    34] save_configArgs!!
2019-10-12 17:24:40,105     INFO [             configBox.py   modify_configArgs    74] modify_configArgs!!
2019-10-12 17:24:40,105     INFO [        saveController.py     save_configArgs    34] save_configArgs!!
2019-10-12 17:24:40,377     INFO [             configBox.py   modify_configArgs    74] modify_configArgs!!
2019-10-12 17:24:40,377     INFO [        saveController.py     save_configArgs    34] save_configArgs!!
2019-10-12 17:24:41,969     INFO [             configBox.py   modify_configArgs    74] modify_configArgs!!
2019-10-12 17:24:41,970     INFO [        saveController.py     save_configArgs    34] save_configArgs!!
2019-10-12 17:24:42,937     INFO [             configBox.py   modify_configArgs    74] modify_configArgs!!
2019-10-12 17:24:42,937     INFO [        saveController.py     save_configArgs    34] save_configArgs!!
2019-10-12 17:24:44,409     INFO [             configBox.py   modify_configArgs    74] modify_configArgs!!
2019-10-12 17:24:44,410     INFO [        saveController.py     save_configArgs    34] save_configArgs!!
2019-10-12 17:24:46,289     INFO [             configBox.py   modify_configArgs    74] modify_configArgs!!
2019-10-12 17:24:46,289     INFO [        saveController.py     save_configArgs    34] save_configArgs!!
2019-10-12 17:24:53,553     INFO [             configBox.py   modify_configArgs    74] modify_configArgs!!
2019-10-12 17:24:53,554     INFO [        saveController.py     save_configArgs    34] save_configArgs!!
2019-10-12 17:24:54,592     INFO [             configBox.py   modify_configArgs    74] modify_configArgs!!
2019-10-12 17:24:54,593     INFO [        saveController.py     save_configArgs    34] save_configArgs!!
2019-10-12 17:24:56,104     INFO [             configBox.py   modify_configArgs    74] modify_configArgs!!
2019-10-12 17:24:56,104     INFO [        saveController.py     save_configArgs    34] save_configArgs!!
2019-10-12 17:24:56,856     INFO [             configBox.py   modify_configArgs    74] modify_configArgs!!
2019-10-12 17:24:56,856     INFO [        saveController.py     save_configArgs    34] save_configArgs!!
2019-10-12 17:24:58,352     INFO [             configBox.py   modify_configArgs    74] modify_configArgs!!
2019-10-12 17:25:15,998     INFO [            mainwindow.py       start_clicked   141] 点击了启动item，开始启动 ～～
2019-10-12 17:25:31,280     INFO [            mainwindow.py          closeEvent   129] 正在关闭APP
2019-10-12 17:35:53,985     INFO [            mainwindow.py       start_clicked   141] 点击了启动item，开始启动 ～～
2019-10-12 17:36:42,324     INFO [            mainwindow.py       start_clicked   141] 点击了启动item，开始启动 ～～
2019-10-12 17:36:42,326     INFO [               plotBox.py          handlePlot    44] handlePlot
2019-10-12 17:36:42,592     INFO [               plotBox.py          handlePlot    56] 绘图更新成功！
2019-10-12 17:36:45,569     INFO [            mainwindow.py          closeEvent   129] 正在关闭APP
2019-10-12 17:37:01,309     INFO [            mainwindow.py       start_clicked   141] 点击了启动item，开始启动 ～～
2019-10-12 17:37:01,316     INFO [               plotBox.py          handlePlot    45] handlePlot
2019-10-12 17:37:01,710     INFO [               plotBox.py          handlePlot    57] 绘图更新成功！
2019-10-12 17:37:04,858     INFO [               plotBox.py          handlePlot    57] 绘图更新成功！
2019-10-12 17:37:08,007     INFO [               plotBox.py          handlePlot    57] 绘图更新成功！
2019-10-12 17:37:11,164     INFO [               plotBox.py          handlePlot    57] 绘图更新成功！
2019-10-12 17:37:14,326     INFO [               plotBox.py          handlePlot    57] 绘图更新成功！
2019-10-12 17:37:17,488     INFO [               plotBox.py          handlePlot    57] 绘图更新成功！
2019-10-12 17:37:20,643     INFO [               plotBox.py          handlePlot    57] 绘图更新成功！
2019-10-12 17:37:23,769     INFO [               plotBox.py          handlePlot    57] 绘图更新成功！
2019-10-12 17:37:26,898     INFO [               plotBox.py          handlePlot    57] 绘图更新成功！
2019-10-12 17:37:30,029     INFO [               plotBox.py          handlePlot    57] 绘图更新成功！
2019-10-12 17:37:33,149     INFO [               plotBox.py          handlePlot    57] 绘图更新成功！
2019-10-12 17:37:36,305     INFO [               plotBox.py          handlePlot    57] 绘图更新成功！
2019-10-12 17:37:39,449     INFO [               plotBox.py          handlePlot    57] 绘图更新成功！
2019-10-12 17:37:42,602     INFO [               plotBox.py          handlePlot    57] 绘图更新成功！
2019-10-12 17:37:45,961     INFO [               plotBox.py          handlePlot    57] 绘图更新成功！
2019-10-12 17:37:49,217     INFO [               plotBox.py          handlePlot    57] 绘图更新成功！
2019-10-12 17:37:52,500     INFO [               plotBox.py          handlePlot    57] 绘图更新成功！
2019-10-12 17:37:55,672     INFO [               plotBox.py          handlePlot    57] 绘图更新成功！
2019-10-12 17:37:58,919     INFO [               plotBox.py          handlePlot    57] 绘图更新成功！
2019-10-12 17:38:02,185     INFO [               plotBox.py          handlePlot    57] 绘图更新成功！
2019-10-12 17:38:05,449     INFO [               plotBox.py          handlePlot    57] 绘图更新成功！
2019-10-12 17:38:08,789     INFO [               plotBox.py          handlePlot    57] 绘图更新成功！
2019-10-12 17:38:12,019     INFO [               plotBox.py          handlePlot    57] 绘图更新成功！
2019-10-12 17:38:12,209     INFO [            mainwindow.py          closeEvent   129] 正在关闭APP
2019-10-12 17:38:15,200     INFO [               plotBox.py          handlePlot    57] 绘图更新成功！
